# JRE version: Java(TM) SE Runtime Environment (8.0_172-b11) (build 1.8.0_172-b11)
# Java VM: Java HotSpot(TM) 64-Bit Server VM (25.172-b11 mixed mode windows-amd64 compressed oops)
Heap:
 PSYoungGen      total 99328K, used 30423K [0x00000000eb400000, 0x00000000f1c00000, 0x0000000100000000)
  eden space 92160K, 33% used [0x00000000eb400000,0x00000000ed1b5d58,0x00000000f0e00000)
  from space 7168K, 0% used [0x00000000f0e00000,0x00000000f0e00000,0x00000000f1500000)
  to   space 6656K, 0% used [0x00000000f1580000,0x00000000f1580000,0x00000000f1c00000)
 ParOldGen       total 33280K, used 18850K [0x00000000c1c00000, 0x00000000c3c80000, 0x00000000eb400000)
  object space 33280K, 56% used [0x00000000c1c00000,0x00000000c2e68970,0x00000000c3c80000)
 Metaspace       used 35246K, capacity 35744K, committed 35968K, reserved 1081344K
  class space    used 4345K, capacity 4455K, committed 4480K, reserved 1048576K
GC Heap History (10 events):
Event: 10.532 GC heap before
{Heap before GC invocations=11 (full 1):
 PSYoungGen      total 72704K, used 70373K [0x00000000eb400000, 0x00000000f1c80000, 0x0000000100000000)
  eden space 65536K, 100% used [0x00000000eb400000,0x00000000ef400000,0x00000000ef400000)
  from space 7168K, 67% used [0x00000000ef400000,0x00000000ef8b9680,0x00000000efb00000)
  to   space 7168K, 0% used [0x00000000f1580000,0x00000000f1580000,0x00000000f1c80000)
 ParOldGen       total 33280K, used 9301K [0x00000000c1c00000, 0x00000000c3c80000, 0x00000000eb400000)
  object space 33280K, 27% used [0x00000000c1c00000,0x00000000c25157f8,0x00000000c3c80000)
 Metaspace       used 26876K, capacity 27242K, committed 27520K, reserved 1073152K
  class space    used 3353K, capacity 3440K, committed 3456K, reserved 1048576K
Event: 10.566 GC heap after
Heap after GC invocations=11 (full 1):
 PSYoungGen      total 98816K, used 6273K [0x00000000eb400000, 0x00000000f1c00000, 0x0000000100000000)
  eden space 92160K, 0% used [0x00000000eb400000,0x00000000eb400000,0x00000000f0e00000)
  from space 6656K, 94% used [0x00000000f1580000,0x00000000f1ba07f0,0x00000000f1c00000)
  to   space 7168K, 0% used [0x00000000f0e00000,0x00000000f0e00000,0x00000000f1500000)
 ParOldGen       total 33280K, used 9309K [0x00000000c1c00000, 0x00000000c3c80000, 0x00000000eb400000)
  object space 33280K, 27% used [0x00000000c1c00000,0x00000000c25177f8,0x00000000c3c80000)
 Metaspace       used 26876K, capacity 27242K, committed 27520K, reserved 1073152K
  class space    used 3353K, capacity 3440K, committed 3456K, reserved 1048576K
}
Event: 13.624 GC heap before
{Heap before GC invocations=12 (full 1):
 PSYoungGen      total 98816K, used 98433K [0x00000000eb400000, 0x00000000f1c00000, 0x0000000100000000)
  eden space 92160K, 100% used [0x00000000eb400000,0x00000000f0e00000,0x00000000f0e00000)
  from space 6656K, 94% used [0x00000000f1580000,0x00000000f1ba07f0,0x00000000f1c00000)
  to   space 7168K, 0% used [0x00000000f0e00000,0x00000000f0e00000,0x00000000f1500000)
 ParOldGen       total 33280K, used 9309K [0x00000000c1c00000, 0x00000000c3c80000, 0x00000000eb400000)
  object space 33280K, 27% used [0x00000000c1c00000,0x00000000c25177f8,0x00000000c3c80000)
 Metaspace       used 31313K, capacity 31774K, committed 32000K, reserved 1077248K
  class space    used 3927K, capacity 4040K, committed 4096K, reserved 1048576K
Event: 13.649 GC heap after
Heap after GC invocations=12 (full 1):
 PSYoungGen      total 99328K, used 5732K [0x00000000eb400000, 0x00000000f1c00000, 0x0000000100000000)
  eden space 92160K, 0% used [0x00000000eb400000,0x00000000eb400000,0x00000000f0e00000)
  from space 7168K, 79% used [0x00000000f0e00000,0x00000000f1399278,0x00000000f1500000)
  to   space 6656K, 0% used [0x00000000f1580000,0x00000000f1580000,0x00000000f1c00000)
 ParOldGen       total 33280K, used 13534K [0x00000000c1c00000, 0x00000000c3c80000, 0x00000000eb400000)
  object space 33280K, 40% used [0x00000000c1c00000,0x00000000c2937848,0x00000000c3c80000)
 Metaspace       used 31313K, capacity 31774K, committed 32000K, reserved 1077248K
  class space    used 3927K, capacity 4040K, committed 4096K, reserved 1048576K
}
Event: 16.388 GC heap before
{Heap before GC invocations=13 (full 1):
 PSYoungGen      total 99328K, used 97892K [0x00000000eb400000, 0x00000000f1c00000, 0x0000000100000000)
  eden space 92160K, 100% used [0x00000000eb400000,0x00000000f0e00000,0x00000000f0e00000)
  from space 7168K, 79% used [0x00000000f0e00000,0x00000000f1399278,0x00000000f1500000)
  to   space 6656K, 0% used [0x00000000f1580000,0x00000000f1580000,0x00000000f1c00000)
 ParOldGen       total 33280K, used 13534K [0x00000000c1c00000, 0x00000000c3c80000, 0x00000000eb400000)
  object space 33280K, 40% used [0x00000000c1c00000,0x00000000c2937848,0x00000000c3c80000)
 Metaspace       used 34017K, capacity 34482K, committed 34816K, reserved 1079296K
  class space    used 4192K, capacity 4310K, committed 4352K, reserved 1048576K
Event: 16.417 GC heap after
Heap after GC invocations=13 (full 1):
 PSYoungGen      total 98816K, used 5237K [0x00000000eb400000, 0x00000000f1c00000, 0x0000000100000000)
  eden space 92160K, 0% used [0x00000000eb400000,0x00000000eb400000,0x00000000f0e00000)
  from space 6656K, 78% used [0x00000000f1580000,0x00000000f1a9d490,0x00000000f1c00000)
  to   space 7168K, 0% used [0x00000000f0e00000,0x00000000f0e00000,0x00000000f1500000)
 ParOldGen       total 33280K, used 16954K [0x00000000c1c00000, 0x00000000c3c80000, 0x00000000eb400000)
  object space 33280K, 50% used [0x00000000c1c00000,0x00000000c2c8eac8,0x00000000c3c80000)
 Metaspace       used 34017K, capacity 34482K, committed 34816K, reserved 1079296K
  class space    used 4192K, capacity 4310K, committed 4352K, reserved 1048576K
}
Event: 16.940 GC heap before
{Heap before GC invocations=14 (full 1):
 PSYoungGen      total 98816K, used 22144K [0x00000000eb400000, 0x00000000f1c00000, 0x0000000100000000)
  eden space 92160K, 18% used [0x00000000eb400000,0x00000000ec482ed0,0x00000000f0e00000)
  from space 6656K, 78% used [0x00000000f1580000,0x00000000f1a9d490,0x00000000f1c00000)
  to   space 7168K, 0% used [0x00000000f0e00000,0x00000000f0e00000,0x00000000f1500000)
 ParOldGen       total 33280K, used 16954K [0x00000000c1c00000, 0x00000000c3c80000, 0x00000000eb400000)
  object space 33280K, 50% used [0x00000000c1c00000,0x00000000c2c8eac8,0x00000000c3c80000)
 Metaspace       used 34833K, capacity 35322K, committed 35456K, reserved 1081344K
  class space    used 4297K, capacity 4422K, committed 4480K, reserved 1048576K
Event: 16.963 GC heap after
Heap after GC invocations=14 (full 1):
 PSYoungGen      total 99328K, used 1864K [0x00000000eb400000, 0x00000000f1c00000, 0x0000000100000000)
  eden space 92160K, 0% used [0x00000000eb400000,0x00000000eb400000,0x00000000f0e00000)
  from space 7168K, 26% used [0x00000000f0e00000,0x00000000f0fd2118,0x00000000f1500000)
  to   space 6656K, 0% used [0x00000000f1580000,0x00000000f1580000,0x00000000f1c00000)
 ParOldGen       total 33280K, used 20482K [0x00000000c1c00000, 0x00000000c3c80000, 0x00000000eb400000)
  object space 33280K, 61% used [0x00000000c1c00000,0x00000000c3000b48,0x00000000c3c80000)
 Metaspace       used 34833K, capacity 35322K, committed 35456K, reserved 1081344K
  class space    used 4297K, capacity 4422K, committed 4480K, reserved 1048576K
}
Event: 16.963 GC heap before
{Heap before GC invocations=15 (full 2):
 PSYoungGen      total 99328K, used 1864K [0x00000000eb400000, 0x00000000f1c00000, 0x0000000100000000)
  eden space 92160K, 0% used [0x00000000eb400000,0x00000000eb400000,0x00000000f0e00000)
  from space 7168K, 26% used [0x00000000f0e00000,0x00000000f0fd2118,0x00000000f1500000)
  to   space 6656K, 0% used [0x00000000f1580000,0x00000000f1580000,0x00000000f1c00000)
 ParOldGen       total 33280K, used 20482K [0x00000000c1c00000, 0x00000000c3c80000, 0x00000000eb400000)
  object space 33280K, 61% used [0x00000000c1c00000,0x00000000c3000b48,0x00000000c3c80000)
 Metaspace       used 34833K, capacity 35322K, committed 35456K, reserved 1081344K
  class space    used 4297K, capacity 4422K, committed 4480K, reserved 1048576K
Event: 17.158 GC heap after
Heap after GC invocations=15 (full 2):
 PSYoungGen      total 99328K, used 0K [0x00000000eb400000, 0x00000000f1c00000, 0x0000000100000000)
  eden space 92160K, 0% used [0x00000000eb400000,0x00000000eb400000,0x00000000f0e00000)
  from space 7168K, 0% used [0x00000000f0e00000,0x00000000f0e00000,0x00000000f1500000)
  to   space 6656K, 0% used [0x00000000f1580000,0x00000000f1580000,0x00000000f1c00000)
 ParOldGen       total 33280K, used 18850K [0x00000000c1c00000, 0x00000000c3c80000, 0x00000000eb400000)
  object space 33280K, 56% used [0x00000000c1c00000,0x00000000c2e68970,0x00000000c3c80000)
 Metaspace       used 34833K, capacity 35322K, committed 35456K, reserved 1081344K
  class space    used 4297K, capacity 4422K, committed 4480K, reserved 1048576K
}

